<?xml version="1.0" encoding="UTF-8"?>
<!-- Generated by org.testng.reporters.JUnitReportReporter -->
<testsuite skipped="0" hostname="GDC-NitinTh-LPT" name="ActiveScaler.Test_Script.TC_TestLocator" tests="3" failures="0" timestamp="28 Jan 2019 11:59:52 GMT" time="59.077" errors="0">
  <testcase name="login" time="10.024" classname="ActiveScaler.Test_Script.TC_TestLocator"/>
  <testcase name="Driver_URL" time="46.143" classname="ActiveScaler.Test_Script.TC_TestLocator"/>
  <testcase name="Driver_Creat" time="2.910" classname="ActiveScaler.Test_Script.TC_TestLocator"/>
</testsuite> <!-- ActiveScaler.Test_Script.TC_TestLocator -->
